<?xml version="1.0" encoding="UTF-8"?>
<testsuite xmlns:xsi="http://www.w3.org/2001/XMLSchema-instance" xsi:noNamespaceSchemaLocation="https://maven.apache.org/surefire/maven-surefire-plugin/xsd/surefire-test-report-3.0.xsd" version="3.0" name="br.edu.fatecsjc.lgnspringapi.LgnSpringApiApplicationTests" time="5.893" tests="1" errors="0" skipped="0" failures="0">
  <properties>
[...]
</properties>
  <testcase name="contextLoads" classname="br.edu.fatecsjc.lgnspringapi.LgnSpringApiApplicationTests" time="0.427">
    <system-out><![CDATA[21:50:55.590 [main] INFO org.springframework.test.context.support.AnnotationConfigContextLoaderUtils -- Could not detect default configuration classes for test class [br.edu.fatecsjc.lgnspringapi.LgnSpringApiApplicationTests]: LgnSpringApiApplicationTests does not declare any static, non-private, non-final, nested classes annotated with @Configuration.
21:50:55.700 [main] INFO org.springframework.boot.test.context.SpringBootTestContextBootstrapper -- Found @SpringBootConfiguration br.edu.fatecsjc.lgnspringapi.LgnSpringApiApplication for test class br.edu.fatecsjc.lgnspringapi.LgnSpringApiApplicationTests
21:50:55.873 [main] INFO org.springframework.boot.devtools.restart.RestartApplicationListener -- Restart disabled due to context in which it is running

  .   ____          _            __ _ _
 /\\ / ___'_ __ _ _(_)_ __  __ _ \ \ \ \
( ( )\___ | '_ | '_| | '_ \/ _` | \ \ \ \
 \\/  ___)| |_)| | | | | || (_| |  ) ) ) )
  '  |____| .__|_| |_|_| |_\__, | / / / /
 =========|_|==============|___/=/_/_/_/
 :: Spring Boot ::                (v3.1.5)

2024-03-11T21:50:56.141-03:00  INFO 5200 --- [           main] b.e.f.l.LgnSpringApiApplicationTests     : Starting LgnSpringApiApplicationTests using Java 17.0.10 with PID 5200 (started by Noite in C:\Developer\felipe\spring-rest-data-security)
2024-03-11T21:50:56.141-03:00  INFO 5200 --- [           main] b.e.f.l.LgnSpringApiApplicationTests     : No active profile set, falling back to 1 default profile: "default"
2024-03-11T21:50:56.931-03:00  INFO 5200 --- [           main] .s.d.r.c.RepositoryConfigurationDelegate : Bootstrapping Spring Data JPA repositories in DEFAULT mode.
2024-03-11T21:50:56.994-03:00  INFO 5200 --- [           main] .s.d.r.c.RepositoryConfigurationDelegate : Finished Spring Data repository scanning in 57 ms. Found 4 JPA repository interfaces.
2024-03-11T21:50:57.544-03:00  INFO 5200 --- [           main] o.f.c.internal.license.VersionPrinter    : Flyway Community Edition 9.16.3 by Redgate
2024-03-11T21:50:57.544-03:00  INFO 5200 --- [           main] o.f.c.internal.license.VersionPrinter    : See release notes here: https://rd.gt/416ObMi
2024-03-11T21:50:57.544-03:00  INFO 5200 --- [           main] o.f.c.internal.license.VersionPrinter    : 
2024-03-11T21:50:57.559-03:00  INFO 5200 --- [           main] com.zaxxer.hikari.HikariDataSource       : HikariPool-1 - Starting...
2024-03-11T21:50:57.679-03:00  INFO 5200 --- [           main] com.zaxxer.hikari.pool.HikariPool        : HikariPool-1 - Added connection org.mariadb.jdbc.Connection@1eeb5818
2024-03-11T21:50:57.681-03:00  INFO 5200 --- [           main] com.zaxxer.hikari.HikariDataSource       : HikariPool-1 - Start completed.
2024-03-11T21:50:57.687-03:00  INFO 5200 --- [           main] o.f.c.i.database.base.BaseDatabaseType   : Database: jdbc:mariadb://localhost/sample (MariaDB 11.3)
2024-03-11T21:50:57.723-03:00  WARN 5200 --- [           main] o.f.c.internal.database.base.Database    : Flyway upgrade recommended: MariaDB 11.3 is newer than this version of Flyway and support has not been tested. The latest supported version of MariaDB is 10.10.
2024-03-11T21:50:57.769-03:00  INFO 5200 --- [           main] o.f.core.internal.command.DbValidate     : Successfully validated 6 migrations (execution time 00:00.038s)
2024-03-11T21:50:57.783-03:00  INFO 5200 --- [           main] o.f.core.internal.command.DbMigrate      : Current version of schema `sample`: 1.5
2024-03-11T21:50:57.784-03:00  INFO 5200 --- [           main] o.f.core.internal.command.DbMigrate      : Schema `sample` is up to date. No migration necessary.
2024-03-11T21:50:57.895-03:00  INFO 5200 --- [           main] o.hibernate.jpa.internal.util.LogHelper  : HHH000204: Processing PersistenceUnitInfo [name: default]
2024-03-11T21:50:57.964-03:00  INFO 5200 --- [           main] org.hibernate.Version                    : HHH000412: Hibernate ORM core version 6.2.13.Final
2024-03-11T21:50:57.964-03:00  INFO 5200 --- [           main] org.hibernate.cfg.Environment            : HHH000406: Using bytecode reflection optimizer
2024-03-11T21:50:58.295-03:00  INFO 5200 --- [           main] o.s.o.j.p.SpringPersistenceUnitInfo      : No LoadTimeWeaver setup: ignoring JPA class transformer
2024-03-11T21:50:59.126-03:00  INFO 5200 --- [           main] o.h.e.t.j.p.i.JtaPlatformInitiator       : HHH000489: No JTA platform available (set 'hibernate.transaction.jta.platform' to enable JTA platform integration)
2024-03-11T21:50:59.126-03:00  INFO 5200 --- [           main] j.LocalContainerEntityManagerFactoryBean : Initialized JPA EntityManagerFactory for persistence unit 'default'
2024-03-11T21:50:59.534-03:00  INFO 5200 --- [           main] o.s.d.j.r.query.QueryEnhancerFactory     : Hibernate is in classpath; If applicable, HQL parser will be used.
2024-03-11T21:51:00.176-03:00  WARN 5200 --- [           main] JpaBaseConfiguration$JpaWebConfiguration : spring.jpa.open-in-view is enabled by default. Therefore, database queries may be performed during view rendering. Explicitly configure spring.jpa.open-in-view to disable this warning
2024-03-11T21:51:00.302-03:00  INFO 5200 --- [           main] o.s.s.web.DefaultSecurityFilterChain     : Will secure any request with [org.springframework.security.web.session.DisableEncodeUrlFilter@3cd3cf6b, org.springframework.security.web.context.request.async.WebAsyncManagerIntegrationFilter@6f3f2340, org.springframework.security.web.context.SecurityContextHolderFilter@d7645b2, org.springframework.security.web.header.HeaderWriterFilter@5d41b929, org.springframework.security.web.authentication.logout.LogoutFilter@39595a8, br.edu.fatecsjc.lgnspringapi.config.JwtAuthenticationFilter@bf70ce5, org.springframework.security.web.savedrequest.RequestCacheAwareFilter@279b83ea, org.springframework.security.web.servletapi.SecurityContextHolderAwareRequestFilter@40f40221, org.springframework.security.web.authentication.AnonymousAuthenticationFilter@179dc2, org.springframework.security.web.session.SessionManagementFilter@4ce66169, org.springframework.security.web.access.ExceptionTranslationFilter@50a1c2f3, org.springframework.security.web.access.intercept.AuthorizationFilter@10587ce5]
2024-03-11T21:51:00.904-03:00  INFO 5200 --- [           main] b.e.f.l.LgnSpringApiApplicationTests     : Started LgnSpringApiApplicationTests in 5.045 seconds (process running for 5.966)
]]></system-out>
  </testcase>
</testsuite>